[ 2018-05-11T09:00:16+08:00 ] 127.0.0.1 /favicon.ico
INFO: [ app_init ] --START--
INFO: Run Behavior\BuildLiteBehavior [ RunTime:0.000015s ]
INFO: [ app_init ] --END-- [ RunTime:0.000621s ]
ERR: цЧац│ХхКаш╜╜цибхЭЧ:Favicon

[ 2018-05-11T09:00:16+08:00 ] 127.0.0.1 /favicon.ico
INFO: [ app_init ] --START--
INFO: Run Behavior\BuildLiteBehavior [ RunTime:0.000013s ]
INFO: [ app_init ] --END-- [ RunTime:0.000635s ]
ERR: цЧац│ХхКаш╜╜цибхЭЧ:Favicon

[ 2018-05-11T17:56:04+08:00 ] 127.0.0.1 /css/footer.css
INFO: [ app_init ] --START--
INFO: Run Behavior\BuildLiteBehavior [ RunTime:0.000014s ]
INFO: [ app_init ] --END-- [ RunTime:0.000677s ]
ERR: цЧац│ХхКаш╜╜цибхЭЧ:Css

[ 2018-05-11T17:56:04+08:00 ] 127.0.0.1 /js/jquery-3.3.1.min.js
INFO: [ app_init ] --START--
INFO: Run Behavior\BuildLiteBehavior [ RunTime:0.000012s ]
INFO: [ app_init ] --END-- [ RunTime:0.000617s ]
ERR: цЧац│ХхКаш╜╜цибхЭЧ:Js

[ 2018-05-11T17:56:04+08:00 ] 127.0.0.1 /img/fangda_03.png
INFO: [ app_init ] --START--
INFO: Run Behavior\BuildLiteBehavior [ RunTime:0.000015s ]
INFO: [ app_init ] --END-- [ RunTime:0.000486s ]
ERR: цЧац│ХхКаш╜╜цибхЭЧ:Img

[ 2018-05-11T17:56:04+08:00 ] 127.0.0.1 /img/touxiang.jpg
INFO: [ app_init ] --START--
INFO: Run Behavior\BuildLiteBehavior [ RunTime:0.000015s ]
INFO: [ app_init ] --END-- [ RunTime:0.000711s ]
ERR: цЧац│ХхКаш╜╜цибхЭЧ:Img

[ 2018-05-11T17:56:04+08:00 ] 127.0.0.1 /img/wh.png
INFO: [ app_init ] --START--
INFO: Run Behavior\BuildLiteBehavior [ RunTime:0.000020s ]
INFO: [ app_init ] --END-- [ RunTime:0.002692s ]
ERR: цЧац│ХхКаш╜╜цибхЭЧ:Img

[ 2018-05-11T17:56:04+08:00 ] 127.0.0.1 /img/shouye_11.png
INFO: [ app_init ] --START--
INFO: Run Behavior\BuildLiteBehavior [ RunTime:0.000025s ]
INFO: [ app_init ] --END-- [ RunTime:0.000632s ]
ERR: цЧац│ХхКаш╜╜цибхЭЧ:Img

[ 2018-05-11T17:56:04+08:00 ] 127.0.0.1 /img/ll.jpg
INFO: [ app_init ] --START--
INFO: Run Behavior\BuildLiteBehavior [ RunTime:0.000014s ]
INFO: [ app_init ] --END-- [ RunTime:0.000567s ]
ERR: цЧац│ХхКаш╜╜цибхЭЧ:Img

[ 2018-05-11T17:56:04+08:00 ] 127.0.0.1 /img/pl.jpg
INFO: [ app_init ] --START--
INFO: Run Behavior\BuildLiteBehavior [ RunTime:0.000020s ]
INFO: [ app_init ] --END-- [ RunTime:0.000501s ]
ERR: цЧац│ХхКаш╜╜цибхЭЧ:Img

[ 2018-05-11T17:56:04+08:00 ] 127.0.0.1 /img/huo.png
INFO: [ app_init ] --START--
INFO: Run Behavior\BuildLiteBehavior [ RunTime:0.000013s ]
INFO: [ app_init ] --END-- [ RunTime:0.000539s ]
ERR: цЧац│ХхКаш╜╜цибхЭЧ:Img

[ 2018-05-11T17:56:04+08:00 ] 127.0.0.1 /img/flower.jpg
INFO: [ app_init ] --START--
INFO: Run Behavior\BuildLiteBehavior [ RunTime:0.000012s ]
INFO: [ app_init ] --END-- [ RunTime:0.000446s ]
ERR: цЧац│ХхКаш╜╜цибхЭЧ:Img

[ 2018-05-11T17:56:04+08:00 ] 127.0.0.1 /img/bj2.jpg
INFO: [ app_init ] --START--
INFO: Run Behavior\BuildLiteBehavior [ RunTime:0.000014s ]
INFO: [ app_init ] --END-- [ RunTime:0.000567s ]
ERR: цЧац│ХхКаш╜╜цибхЭЧ:Img

[ 2018-05-11T17:56:04+08:00 ] 127.0.0.1 /img/login_03.png
INFO: [ app_init ] --START--
INFO: Run Behavior\BuildLiteBehavior [ RunTime:0.000015s ]
INFO: [ app_init ] --END-- [ RunTime:0.000703s ]
ERR: цЧац│ХхКаш╜╜цибхЭЧ:Img

[ 2018-05-11T17:56:04+08:00 ] 127.0.0.1 /img/dz.jpg
INFO: [ app_init ] --START--
INFO: Run Behavior\BuildLiteBehavior [ RunTime:0.000044s ]
INFO: [ app_init ] --END-- [ RunTime:0.000925s ]
ERR: цЧац│ХхКаш╜╜цибхЭЧ:Img

[ 2018-05-11T17:56:04+08:00 ] 127.0.0.1 /img/whd.jpg
INFO: [ app_init ] --START--
INFO: Run Behavior\BuildLiteBehavior [ RunTime:0.000014s ]
INFO: [ app_init ] --END-- [ RunTime:0.000646s ]
ERR: цЧац│ХхКаш╜╜цибхЭЧ:Img

[ 2018-05-11T17:59:38+08:00 ] 127.0.0.1 /img/shouye_11.png
INFO: [ app_init ] --START--
INFO: Run Behavior\BuildLiteBehavior [ RunTime:0.000015s ]
INFO: [ app_init ] --END-- [ RunTime:0.000581s ]
ERR: цЧац│ХхКаш╜╜цибхЭЧ:Img

[ 2018-05-11T17:59:38+08:00 ] 127.0.0.1 /Public/Index/img/shouye_11.png
INFO: [ app_init ] --START--
INFO: Run Behavior\BuildLiteBehavior [ RunTime:0.000014s ]
INFO: [ app_init ] --END-- [ RunTime:0.000569s ]
ERR: цЧац│ХхКаш╜╜цибхЭЧ:Public

[ 2018-05-11T17:59:38+08:00 ] 127.0.0.1 /img/bj2.jpg
INFO: [ app_init ] --START--
INFO: Run Behavior\BuildLiteBehavior [ RunTime:0.000027s ]
INFO: [ app_init ] --END-- [ RunTime:0.000516s ]
ERR: цЧац│ХхКаш╜╜цибхЭЧ:Img

[ 2018-05-11T17:59:38+08:00 ] 127.0.0.1 /img/touxiang.jpg
INFO: [ app_init ] --START--
INFO: Run Behavior\BuildLiteBehavior [ RunTime:0.000032s ]
INFO: [ app_init ] --END-- [ RunTime:0.000492s ]
ERR: цЧац│ХхКаш╜╜цибхЭЧ:Img

[ 2018-05-11T17:59:38+08:00 ] 127.0.0.1 /img/pl.jpg
INFO: [ app_init ] --START--
INFO: Run Behavior\BuildLiteBehavior [ RunTime:0.000028s ]
INFO: [ app_init ] --END-- [ RunTime:0.000762s ]
ERR: цЧац│ХхКаш╜╜цибхЭЧ:Img

[ 2018-05-11T17:59:38+08:00 ] 127.0.0.1 /img/dz.jpg
INFO: [ app_init ] --START--
INFO: Run Behavior\BuildLiteBehavior [ RunTime:0.000015s ]
INFO: [ app_init ] --END-- [ RunTime:0.000461s ]
ERR: цЧац│ХхКаш╜╜цибхЭЧ:Img

[ 2018-05-11T17:59:38+08:00 ] 127.0.0.1 /img/flower.jpg
INFO: [ app_init ] --START--
INFO: Run Behavior\BuildLiteBehavior [ RunTime:0.000016s ]
INFO: [ app_init ] --END-- [ RunTime:0.000621s ]
ERR: цЧац│ХхКаш╜╜цибхЭЧ:Img

[ 2018-05-11T17:59:38+08:00 ] 127.0.0.1 /img/ll.jpg
INFO: [ app_init ] --START--
INFO: Run Behavior\BuildLiteBehavior [ RunTime:0.000015s ]
INFO: [ app_init ] --END-- [ RunTime:0.000616s ]
ERR: цЧац│ХхКаш╜╜цибхЭЧ:Img

[ 2018-05-11T17:59:38+08:00 ] 127.0.0.1 /img/whd.jpg
INFO: [ app_init ] --START--
INFO: Run Behavior\BuildLiteBehavior [ RunTime:0.000018s ]
INFO: [ app_init ] --END-- [ RunTime:0.000983s ]
ERR: цЧац│ХхКаш╜╜цибхЭЧ:Img

[ 2018-05-11T17:59:38+08:00 ] 127.0.0.1 /Public/Index/img/shouye_11.png
INFO: [ app_init ] --START--
INFO: Run Behavior\BuildLiteBehavior [ RunTime:0.000015s ]
INFO: [ app_init ] --END-- [ RunTime:0.000552s ]
ERR: цЧац│ХхКаш╜╜цибхЭЧ:Public

[ 2018-05-11T18:00:24+08:00 ] 127.0.0.1 /Public/Index/img/shouye_11.png
INFO: [ app_init ] --START--
INFO: Run Behavior\BuildLiteBehavior [ RunTime:0.000014s ]
INFO: [ app_init ] --END-- [ RunTime:0.000468s ]
ERR: цЧац│ХхКаш╜╜цибхЭЧ:Public

[ 2018-05-11T18:00:24+08:00 ] 127.0.0.1 /img/shouye_11.png
INFO: [ app_init ] --START--
INFO: Run Behavior\BuildLiteBehavior [ RunTime:0.000016s ]
INFO: [ app_init ] --END-- [ RunTime:0.000596s ]
ERR: цЧац│ХхКаш╜╜цибхЭЧ:Img

[ 2018-05-11T18:00:24+08:00 ] 127.0.0.1 /img/ll.jpg
INFO: [ app_init ] --START--
INFO: Run Behavior\BuildLiteBehavior [ RunTime:0.000016s ]
INFO: [ app_init ] --END-- [ RunTime:0.001223s ]
ERR: цЧац│ХхКаш╜╜цибхЭЧ:Img

[ 2018-05-11T18:00:24+08:00 ] 127.0.0.1 /img/touxiang.jpg
INFO: [ app_init ] --START--
INFO: Run Behavior\BuildLiteBehavior [ RunTime:0.000016s ]
INFO: [ app_init ] --END-- [ RunTime:0.000540s ]
ERR: цЧац│ХхКаш╜╜цибхЭЧ:Img

[ 2018-05-11T18:00:24+08:00 ] 127.0.0.1 /img/dz.jpg
INFO: [ app_init ] --START--
INFO: Run Behavior\BuildLiteBehavior [ RunTime:0.000015s ]
INFO: [ app_init ] --END-- [ RunTime:0.000669s ]
ERR: цЧац│ХхКаш╜╜цибхЭЧ:Img

[ 2018-05-11T18:00:24+08:00 ] 127.0.0.1 /img/pl.jpg
INFO: [ app_init ] --START--
INFO: Run Behavior\BuildLiteBehavior [ RunTime:0.000071s ]
INFO: [ app_init ] --END-- [ RunTime:0.004696s ]
ERR: цЧац│ХхКаш╜╜цибхЭЧ:Img

[ 2018-05-11T18:00:24+08:00 ] 127.0.0.1 /img/flower.jpg
INFO: [ app_init ] --START--
INFO: Run Behavior\BuildLiteBehavior [ RunTime:0.000037s ]
INFO: [ app_init ] --END-- [ RunTime:0.001871s ]
ERR: цЧац│ХхКаш╜╜цибхЭЧ:Img

[ 2018-05-11T18:00:24+08:00 ] 127.0.0.1 /img/whd.jpg
INFO: [ app_init ] --START--
INFO: Run Behavior\BuildLiteBehavior [ RunTime:0.000014s ]
INFO: [ app_init ] --END-- [ RunTime:0.000552s ]
ERR: цЧац│ХхКаш╜╜цибхЭЧ:Img

[ 2018-05-11T18:00:24+08:00 ] 127.0.0.1 /img/bj2.jpg
INFO: [ app_init ] --START--
INFO: Run Behavior\BuildLiteBehavior [ RunTime:0.000014s ]
INFO: [ app_init ] --END-- [ RunTime:0.000613s ]
ERR: цЧац│ХхКаш╜╜цибхЭЧ:Img

[ 2018-05-11T18:00:26+08:00 ] 127.0.0.1 /img/ll.jpg
INFO: [ app_init ] --START--
INFO: Run Behavior\BuildLiteBehavior [ RunTime:0.000013s ]
INFO: [ app_init ] --END-- [ RunTime:0.000521s ]
ERR: цЧац│ХхКаш╜╜цибхЭЧ:Img

[ 2018-05-11T18:00:26+08:00 ] 127.0.0.1 /img/shouye_11.png
INFO: [ app_init ] --START--
INFO: Run Behavior\BuildLiteBehavior [ RunTime:0.000012s ]
INFO: [ app_init ] --END-- [ RunTime:0.000448s ]
ERR: цЧац│ХхКаш╜╜цибхЭЧ:Img

[ 2018-05-11T18:00:26+08:00 ] 127.0.0.1 /img/pl.jpg
INFO: [ app_init ] --START--
INFO: Run Behavior\BuildLiteBehavior [ RunTime:0.000013s ]
INFO: [ app_init ] --END-- [ RunTime:0.000519s ]
ERR: цЧац│ХхКаш╜╜цибхЭЧ:Img

[ 2018-05-11T18:00:26+08:00 ] 127.0.0.1 /img/bj2.jpg
INFO: [ app_init ] --START--
INFO: Run Behavior\BuildLiteBehavior [ RunTime:0.000016s ]
INFO: [ app_init ] --END-- [ RunTime:0.000570s ]
ERR: цЧац│ХхКаш╜╜цибхЭЧ:Img

[ 2018-05-11T18:00:26+08:00 ] 127.0.0.1 /img/touxiang.jpg
INFO: [ app_init ] --START--
INFO: Run Behavior\BuildLiteBehavior [ RunTime:0.000014s ]
INFO: [ app_init ] --END-- [ RunTime:0.000605s ]
ERR: цЧац│ХхКаш╜╜цибхЭЧ:Img

[ 2018-05-11T18:00:26+08:00 ] 127.0.0.1 /Public/Index/img/shouye_11.png
INFO: [ app_init ] --START--
INFO: Run Behavior\BuildLiteBehavior [ RunTime:0.000032s ]
INFO: [ app_init ] --END-- [ RunTime:0.000620s ]
ERR: цЧац│ХхКаш╜╜цибхЭЧ:Public

[ 2018-05-11T18:00:26+08:00 ] 127.0.0.1 /img/whd.jpg
INFO: [ app_init ] --START--
INFO: Run Behavior\BuildLiteBehavior [ RunTime:0.000015s ]
INFO: [ app_init ] --END-- [ RunTime:0.000575s ]
ERR: цЧац│ХхКаш╜╜цибхЭЧ:Img

[ 2018-05-11T18:00:26+08:00 ] 127.0.0.1 /img/flower.jpg
INFO: [ app_init ] --START--
INFO: Run Behavior\BuildLiteBehavior [ RunTime:0.000014s ]
INFO: [ app_init ] --END-- [ RunTime:0.000459s ]
ERR: цЧац│ХхКаш╜╜цибхЭЧ:Img

[ 2018-05-11T18:00:26+08:00 ] 127.0.0.1 /img/dz.jpg
INFO: [ app_init ] --START--
INFO: Run Behavior\BuildLiteBehavior [ RunTime:0.000021s ]
INFO: [ app_init ] --END-- [ RunTime:0.000650s ]
ERR: цЧац│ХхКаш╜╜цибхЭЧ:Img

[ 2018-05-11T18:00:26+08:00 ] 127.0.0.1 /Public/Index/img/shouye_11.png
INFO: [ app_init ] --START--
INFO: Run Behavior\BuildLiteBehavior [ RunTime:0.000014s ]
INFO: [ app_init ] --END-- [ RunTime:0.000724s ]
ERR: цЧац│ХхКаш╜╜цибхЭЧ:Public

[ 2018-05-11T18:00:26+08:00 ] 127.0.0.1 /img/shouye_11.png
INFO: [ app_init ] --START--
INFO: Run Behavior\BuildLiteBehavior [ RunTime:0.000015s ]
INFO: [ app_init ] --END-- [ RunTime:0.000510s ]
ERR: цЧац│ХхКаш╜╜цибхЭЧ:Img

[ 2018-05-11T18:00:26+08:00 ] 127.0.0.1 /img/ll.jpg
INFO: [ app_init ] --START--
INFO: Run Behavior\BuildLiteBehavior [ RunTime:0.000074s ]
INFO: [ app_init ] --END-- [ RunTime:0.001209s ]
ERR: цЧац│ХхКаш╜╜цибхЭЧ:Img

[ 2018-05-11T18:00:26+08:00 ] 127.0.0.1 /img/pl.jpg
INFO: [ app_init ] --START--
INFO: Run Behavior\BuildLiteBehavior [ RunTime:0.000013s ]
INFO: [ app_init ] --END-- [ RunTime:0.000461s ]
ERR: цЧац│ХхКаш╜╜цибхЭЧ:Img

[ 2018-05-11T18:00:26+08:00 ] 127.0.0.1 /img/bj2.jpg
INFO: [ app_init ] --START--
INFO: Run Behavior\BuildLiteBehavior [ RunTime:0.000013s ]
INFO: [ app_init ] --END-- [ RunTime:0.000534s ]
ERR: цЧац│ХхКаш╜╜цибхЭЧ:Img

[ 2018-05-11T18:00:26+08:00 ] 127.0.0.1 /img/whd.jpg
INFO: [ app_init ] --START--
INFO: Run Behavior\BuildLiteBehavior [ RunTime:0.000014s ]
INFO: [ app_init ] --END-- [ RunTime:0.000532s ]
ERR: цЧац│ХхКаш╜╜цибхЭЧ:Img

[ 2018-05-11T18:00:26+08:00 ] 127.0.0.1 /img/touxiang.jpg
INFO: [ app_init ] --START--
INFO: Run Behavior\BuildLiteBehavior [ RunTime:0.000014s ]
INFO: [ app_init ] --END-- [ RunTime:0.000534s ]
ERR: цЧац│ХхКаш╜╜цибхЭЧ:Img

[ 2018-05-11T18:00:26+08:00 ] 127.0.0.1 /img/flower.jpg
INFO: [ app_init ] --START--
INFO: Run Behavior\BuildLiteBehavior [ RunTime:0.000013s ]
INFO: [ app_init ] --END-- [ RunTime:0.000659s ]
ERR: цЧац│ХхКаш╜╜цибхЭЧ:Img

[ 2018-05-11T18:00:26+08:00 ] 127.0.0.1 /img/dz.jpg
INFO: [ app_init ] --START--
INFO: Run Behavior\BuildLiteBehavior [ RunTime:0.000024s ]
INFO: [ app_init ] --END-- [ RunTime:0.000983s ]
ERR: цЧац│ХхКаш╜╜цибхЭЧ:Img

[ 2018-05-11T18:00:26+08:00 ] 127.0.0.1 /Public/Index/img/shouye_11.png
INFO: [ app_init ] --START--
INFO: Run Behavior\BuildLiteBehavior [ RunTime:0.000014s ]
INFO: [ app_init ] --END-- [ RunTime:0.000717s ]
ERR: цЧац│ХхКаш╜╜цибхЭЧ:Public

[ 2018-05-11T18:00:26+08:00 ] 127.0.0.1 /img/pl.jpg
INFO: [ app_init ] --START--
INFO: Run Behavior\BuildLiteBehavior [ RunTime:0.000014s ]
INFO: [ app_init ] --END-- [ RunTime:0.000540s ]
ERR: цЧац│ХхКаш╜╜цибхЭЧ:Img

[ 2018-05-11T18:00:26+08:00 ] 127.0.0.1 /img/ll.jpg
INFO: [ app_init ] --START--
INFO: Run Behavior\BuildLiteBehavior [ RunTime:0.000012s ]
INFO: [ app_init ] --END-- [ RunTime:0.000787s ]
ERR: цЧац│ХхКаш╜╜цибхЭЧ:Img

[ 2018-05-11T18:00:26+08:00 ] 127.0.0.1 /img/shouye_11.png
INFO: [ app_init ] --START--
INFO: Run Behavior\BuildLiteBehavior [ RunTime:0.000016s ]
INFO: [ app_init ] --END-- [ RunTime:0.000986s ]
ERR: цЧац│ХхКаш╜╜цибхЭЧ:Img

[ 2018-05-11T18:00:26+08:00 ] 127.0.0.1 /img/whd.jpg
INFO: [ app_init ] --START--
INFO: Run Behavior\BuildLiteBehavior [ RunTime:0.000014s ]
INFO: [ app_init ] --END-- [ RunTime:0.000703s ]
ERR: цЧац│ХхКаш╜╜цибхЭЧ:Img

[ 2018-05-11T18:00:26+08:00 ] 127.0.0.1 /img/touxiang.jpg
INFO: [ app_init ] --START--
INFO: Run Behavior\BuildLiteBehavior [ RunTime:0.000015s ]
INFO: [ app_init ] --END-- [ RunTime:0.000463s ]
ERR: цЧац│ХхКаш╜╜цибхЭЧ:Img

[ 2018-05-11T18:00:26+08:00 ] 127.0.0.1 /img/bj2.jpg
INFO: [ app_init ] --START--
INFO: Run Behavior\BuildLiteBehavior [ RunTime:0.000018s ]
INFO: [ app_init ] --END-- [ RunTime:0.000703s ]
ERR: цЧац│ХхКаш╜╜цибхЭЧ:Img

[ 2018-05-11T18:00:27+08:00 ] 127.0.0.1 /img/flower.jpg
INFO: [ app_init ] --START--
INFO: Run Behavior\BuildLiteBehavior [ RunTime:0.000072s ]
INFO: [ app_init ] --END-- [ RunTime:0.001046s ]
ERR: цЧац│ХхКаш╜╜цибхЭЧ:Img

[ 2018-05-11T18:00:27+08:00 ] 127.0.0.1 /img/dz.jpg
INFO: [ app_init ] --START--
INFO: Run Behavior\BuildLiteBehavior [ RunTime:0.000024s ]
INFO: [ app_init ] --END-- [ RunTime:0.001272s ]
ERR: цЧац│ХхКаш╜╜цибхЭЧ:Img

[ 2018-05-11T18:00:27+08:00 ] 127.0.0.1 /Public/Index/img/shouye_11.png
INFO: [ app_init ] --START--
INFO: Run Behavior\BuildLiteBehavior [ RunTime:0.000013s ]
INFO: [ app_init ] --END-- [ RunTime:0.000603s ]
ERR: цЧац│ХхКаш╜╜цибхЭЧ:Public

[ 2018-05-11T18:00:27+08:00 ] 127.0.0.1 /img/whd.jpg
INFO: [ app_init ] --START--
INFO: Run Behavior\BuildLiteBehavior [ RunTime:0.000013s ]
INFO: [ app_init ] --END-- [ RunTime:0.000512s ]
ERR: цЧац│ХхКаш╜╜цибхЭЧ:Img

[ 2018-05-11T18:00:27+08:00 ] 127.0.0.1 /img/pl.jpg
INFO: [ app_init ] --START--
INFO: Run Behavior\BuildLiteBehavior [ RunTime:0.000013s ]
INFO: [ app_init ] --END-- [ RunTime:0.000597s ]
ERR: цЧац│ХхКаш╜╜цибхЭЧ:Img

[ 2018-05-11T18:00:27+08:00 ] 127.0.0.1 /img/ll.jpg
INFO: [ app_init ] --START--
INFO: Run Behavior\BuildLiteBehavior [ RunTime:0.000017s ]
INFO: [ app_init ] --END-- [ RunTime:0.000551s ]
ERR: цЧац│ХхКаш╜╜цибхЭЧ:Img

[ 2018-05-11T18:00:27+08:00 ] 127.0.0.1 /img/shouye_11.png
INFO: [ app_init ] --START--
INFO: Run Behavior\BuildLiteBehavior [ RunTime:0.000016s ]
INFO: [ app_init ] --END-- [ RunTime:0.000570s ]
ERR: цЧац│ХхКаш╜╜цибхЭЧ:Img

[ 2018-05-11T18:00:27+08:00 ] 127.0.0.1 /img/flower.jpg
INFO: [ app_init ] --START--
INFO: Run Behavior\BuildLiteBehavior [ RunTime:0.000015s ]
INFO: [ app_init ] --END-- [ RunTime:0.000500s ]
ERR: цЧац│ХхКаш╜╜цибхЭЧ:Img

[ 2018-05-11T18:00:27+08:00 ] 127.0.0.1 /img/bj2.jpg
INFO: [ app_init ] --START--
INFO: Run Behavior\BuildLiteBehavior [ RunTime:0.000014s ]
INFO: [ app_init ] --END-- [ RunTime:0.000559s ]
ERR: цЧац│ХхКаш╜╜цибхЭЧ:Img

[ 2018-05-11T18:00:27+08:00 ] 127.0.0.1 /img/touxiang.jpg
INFO: [ app_init ] --START--
INFO: Run Behavior\BuildLiteBehavior [ RunTime:0.000016s ]
INFO: [ app_init ] --END-- [ RunTime:0.000524s ]
ERR: цЧац│ХхКаш╜╜цибхЭЧ:Img

[ 2018-05-11T18:00:27+08:00 ] 127.0.0.1 /img/dz.jpg
INFO: [ app_init ] --START--
INFO: Run Behavior\BuildLiteBehavior [ RunTime:0.000022s ]
INFO: [ app_init ] --END-- [ RunTime:0.005079s ]
ERR: цЧац│ХхКаш╜╜цибхЭЧ:Img

[ 2018-05-11T18:05:26+08:00 ] 127.0.0.1 /img/whd.jpg
INFO: [ app_init ] --START--
INFO: Run Behavior\BuildLiteBehavior [ RunTime:0.000018s ]
INFO: [ app_init ] --END-- [ RunTime:0.000585s ]
ERR: цЧац│ХхКаш╜╜цибхЭЧ:Img

[ 2018-05-11T18:05:26+08:00 ] 127.0.0.1 /img/bj2.jpg
INFO: [ app_init ] --START--
INFO: Run Behavior\BuildLiteBehavior [ RunTime:0.000016s ]
INFO: [ app_init ] --END-- [ RunTime:0.000550s ]
ERR: цЧац│ХхКаш╜╜цибхЭЧ:Img

[ 2018-05-11T18:05:26+08:00 ] 127.0.0.1 /img/pl.jpg
INFO: [ app_init ] --START--
INFO: Run Behavior\BuildLiteBehavior [ RunTime:0.000016s ]
INFO: [ app_init ] --END-- [ RunTime:0.006211s ]
ERR: цЧац│ХхКаш╜╜цибхЭЧ:Img

[ 2018-05-11T18:05:26+08:00 ] 127.0.0.1 /Public/Index/img/shouye_11.png
INFO: [ app_init ] --START--
INFO: Run Behavior\BuildLiteBehavior [ RunTime:0.000014s ]
INFO: [ app_init ] --END-- [ RunTime:0.000506s ]
ERR: цЧац│ХхКаш╜╜цибхЭЧ:Public

[ 2018-05-11T18:05:26+08:00 ] 127.0.0.1 /img/flower.jpg
INFO: [ app_init ] --START--
INFO: Run Behavior\BuildLiteBehavior [ RunTime:0.000019s ]
INFO: [ app_init ] --END-- [ RunTime:0.000497s ]
ERR: цЧац│ХхКаш╜╜цибхЭЧ:Img

[ 2018-05-11T18:05:26+08:00 ] 127.0.0.1 /img/shouye_11.png
INFO: [ app_init ] --START--
INFO: Run Behavior\BuildLiteBehavior [ RunTime:0.000016s ]
INFO: [ app_init ] --END-- [ RunTime:0.000559s ]
ERR: цЧац│ХхКаш╜╜цибхЭЧ:Img

[ 2018-05-11T18:05:26+08:00 ] 127.0.0.1 /img/touxiang.jpg
INFO: [ app_init ] --START--
INFO: Run Behavior\BuildLiteBehavior [ RunTime:0.000013s ]
INFO: [ app_init ] --END-- [ RunTime:0.000501s ]
ERR: цЧац│ХхКаш╜╜цибхЭЧ:Img

[ 2018-05-11T18:05:26+08:00 ] 127.0.0.1 /img/ll.jpg
INFO: [ app_init ] --START--
INFO: Run Behavior\BuildLiteBehavior [ RunTime:0.000014s ]
INFO: [ app_init ] --END-- [ RunTime:0.000756s ]
ERR: цЧац│ХхКаш╜╜цибхЭЧ:Img

[ 2018-05-11T18:05:26+08:00 ] 127.0.0.1 /img/dz.jpg
INFO: [ app_init ] --START--
INFO: Run Behavior\BuildLiteBehavior [ RunTime:0.000015s ]
INFO: [ app_init ] --END-- [ RunTime:0.000517s ]
ERR: цЧац│ХхКаш╜╜цибхЭЧ:Img

[ 2018-05-11T18:05:31+08:00 ] 127.0.0.1 /Public/Index/img/shouye_11.png
INFO: [ app_init ] --START--
INFO: Run Behavior\BuildLiteBehavior [ RunTime:0.000015s ]
INFO: [ app_init ] --END-- [ RunTime:0.000617s ]
ERR: цЧац│ХхКаш╜╜цибхЭЧ:Public

[ 2018-05-11T18:05:31+08:00 ] 127.0.0.1 /img/whd.jpg
INFO: [ app_init ] --START--
INFO: Run Behavior\BuildLiteBehavior [ RunTime:0.000015s ]
INFO: [ app_init ] --END-- [ RunTime:0.000531s ]
ERR: цЧац│ХхКаш╜╜цибхЭЧ:Img

[ 2018-05-11T18:05:31+08:00 ] 127.0.0.1 /img/touxiang.jpg
INFO: [ app_init ] --START--
INFO: Run Behavior\BuildLiteBehavior [ RunTime:0.000015s ]
INFO: [ app_init ] --END-- [ RunTime:0.000498s ]
ERR: цЧац│ХхКаш╜╜цибхЭЧ:Img

[ 2018-05-11T18:05:31+08:00 ] 127.0.0.1 /img/ll.jpg
INFO: [ app_init ] --START--
INFO: Run Behavior\BuildLiteBehavior [ RunTime:0.000014s ]
INFO: [ app_init ] --END-- [ RunTime:0.000596s ]
ERR: цЧац│ХхКаш╜╜цибхЭЧ:Img

[ 2018-05-11T18:05:31+08:00 ] 127.0.0.1 /img/pl.jpg
INFO: [ app_init ] --START--
INFO: Run Behavior\BuildLiteBehavior [ RunTime:0.000016s ]
INFO: [ app_init ] --END-- [ RunTime:0.000693s ]
ERR: цЧац│ХхКаш╜╜цибхЭЧ:Img

[ 2018-05-11T18:05:31+08:00 ] 127.0.0.1 /img/flower.jpg
INFO: [ app_init ] --START--
INFO: Run Behavior\BuildLiteBehavior [ RunTime:0.000013s ]
INFO: [ app_init ] --END-- [ RunTime:0.000444s ]
ERR: цЧац│ХхКаш╜╜цибхЭЧ:Img

[ 2018-05-11T18:05:31+08:00 ] 127.0.0.1 /img/dz.jpg
INFO: [ app_init ] --START--
INFO: Run Behavior\BuildLiteBehavior [ RunTime:0.000015s ]
INFO: [ app_init ] --END-- [ RunTime:0.000695s ]
ERR: цЧац│ХхКаш╜╜цибхЭЧ:Img

[ 2018-05-11T18:05:31+08:00 ] 127.0.0.1 /img/shouye_11.png
INFO: [ app_init ] --START--
INFO: Run Behavior\BuildLiteBehavior [ RunTime:0.000017s ]
INFO: [ app_init ] --END-- [ RunTime:0.000707s ]
ERR: цЧац│ХхКаш╜╜цибхЭЧ:Img

[ 2018-05-11T18:05:31+08:00 ] 127.0.0.1 /Public/Index/img/shouye_11.png
INFO: [ app_init ] --START--
INFO: Run Behavior\BuildLiteBehavior [ RunTime:0.000013s ]
INFO: [ app_init ] --END-- [ RunTime:0.000520s ]
ERR: цЧац│ХхКаш╜╜цибхЭЧ:Public

[ 2018-05-11T18:05:31+08:00 ] 127.0.0.1 /img/bj2.jpg
INFO: [ app_init ] --START--
INFO: Run Behavior\BuildLiteBehavior [ RunTime:0.000016s ]
INFO: [ app_init ] --END-- [ RunTime:0.000487s ]
ERR: цЧац│ХхКаш╜╜цибхЭЧ:Img

[ 2018-05-11T18:05:31+08:00 ] 127.0.0.1 /img/touxiang.jpg
INFO: [ app_init ] --START--
INFO: Run Behavior\BuildLiteBehavior [ RunTime:0.000015s ]
INFO: [ app_init ] --END-- [ RunTime:0.000631s ]
ERR: цЧац│ХхКаш╜╜цибхЭЧ:Img

[ 2018-05-11T18:05:31+08:00 ] 127.0.0.1 /img/pl.jpg
INFO: [ app_init ] --START--
INFO: Run Behavior\BuildLiteBehavior [ RunTime:0.000017s ]
INFO: [ app_init ] --END-- [ RunTime:0.019608s ]
ERR: цЧац│ХхКаш╜╜цибхЭЧ:Img

[ 2018-05-11T18:05:31+08:00 ] 127.0.0.1 /img/ll.jpg
INFO: [ app_init ] --START--
INFO: Run Behavior\BuildLiteBehavior [ RunTime:0.000015s ]
INFO: [ app_init ] --END-- [ RunTime:0.023286s ]
ERR: цЧац│ХхКаш╜╜цибхЭЧ:Img

[ 2018-05-11T18:05:31+08:00 ] 127.0.0.1 /img/shouye_11.png
INFO: [ app_init ] --START--
INFO: Run Behavior\BuildLiteBehavior [ RunTime:0.000017s ]
INFO: [ app_init ] --END-- [ RunTime:0.009908s ]
ERR: цЧац│ХхКаш╜╜цибхЭЧ:Img

[ 2018-05-11T18:05:31+08:00 ] 127.0.0.1 /img/whd.jpg
INFO: [ app_init ] --START--
INFO: Run Behavior\BuildLiteBehavior [ RunTime:0.000017s ]
INFO: [ app_init ] --END-- [ RunTime:0.000712s ]
ERR: цЧац│ХхКаш╜╜цибхЭЧ:Img

[ 2018-05-11T18:05:31+08:00 ] 127.0.0.1 /img/flower.jpg
INFO: [ app_init ] --START--
INFO: Run Behavior\BuildLiteBehavior [ RunTime:0.000019s ]
INFO: [ app_init ] --END-- [ RunTime:0.000585s ]
ERR: цЧац│ХхКаш╜╜цибхЭЧ:Img

[ 2018-05-11T18:05:31+08:00 ] 127.0.0.1 /img/dz.jpg
INFO: [ app_init ] --START--
INFO: Run Behavior\BuildLiteBehavior [ RunTime:0.000086s ]
INFO: [ app_init ] --END-- [ RunTime:0.004551s ]
ERR: цЧац│ХхКаш╜╜цибхЭЧ:Img

[ 2018-05-11T18:05:32+08:00 ] 127.0.0.1 /img/shouye_11.png
INFO: [ app_init ] --START--
INFO: Run Behavior\BuildLiteBehavior [ RunTime:0.000015s ]
INFO: [ app_init ] --END-- [ RunTime:0.000551s ]
ERR: цЧац│ХхКаш╜╜цибхЭЧ:Img

[ 2018-05-11T18:05:32+08:00 ] 127.0.0.1 /Public/Index/img/shouye_11.png
INFO: [ app_init ] --START--
INFO: Run Behavior\BuildLiteBehavior [ RunTime:0.000028s ]
INFO: [ app_init ] --END-- [ RunTime:0.007470s ]
ERR: цЧац│ХхКаш╜╜цибхЭЧ:Public

[ 2018-05-11T18:05:32+08:00 ] 127.0.0.1 /img/whd.jpg
INFO: [ app_init ] --START--
INFO: Run Behavior\BuildLiteBehavior [ RunTime:0.000013s ]
INFO: [ app_init ] --END-- [ RunTime:0.000497s ]
ERR: цЧац│ХхКаш╜╜цибхЭЧ:Img

[ 2018-05-11T18:05:32+08:00 ] 127.0.0.1 /img/pl.jpg
INFO: [ app_init ] --START--
INFO: Run Behavior\BuildLiteBehavior [ RunTime:0.000016s ]
INFO: [ app_init ] --END-- [ RunTime:0.000879s ]
ERR: цЧац│ХхКаш╜╜цибхЭЧ:Img

[ 2018-05-11T18:05:32+08:00 ] 127.0.0.1 /img/bj2.jpg
INFO: [ app_init ] --START--
INFO: Run Behavior\BuildLiteBehavior [ RunTime:0.000015s ]
INFO: [ app_init ] --END-- [ RunTime:0.000592s ]
ERR: цЧац│ХхКаш╜╜цибхЭЧ:Img

[ 2018-05-11T18:05:32+08:00 ] 127.0.0.1 /img/ll.jpg
INFO: [ app_init ] --START--
INFO: Run Behavior\BuildLiteBehavior [ RunTime:0.000016s ]
INFO: [ app_init ] --END-- [ RunTime:0.000792s ]
ERR: цЧац│ХхКаш╜╜цибхЭЧ:Img

[ 2018-05-11T18:05:32+08:00 ] 127.0.0.1 /img/touxiang.jpg
INFO: [ app_init ] --START--
INFO: Run Behavior\BuildLiteBehavior [ RunTime:0.000015s ]
INFO: [ app_init ] --END-- [ RunTime:0.000535s ]
ERR: цЧац│ХхКаш╜╜цибхЭЧ:Img

[ 2018-05-11T18:05:32+08:00 ] 127.0.0.1 /img/flower.jpg
INFO: [ app_init ] --START--
INFO: Run Behavior\BuildLiteBehavior [ RunTime:0.000016s ]
INFO: [ app_init ] --END-- [ RunTime:0.000519s ]
ERR: цЧац│ХхКаш╜╜цибхЭЧ:Img

[ 2018-05-11T18:05:32+08:00 ] 127.0.0.1 /img/dz.jpg
INFO: [ app_init ] --START--
INFO: Run Behavior\BuildLiteBehavior [ RunTime:0.000015s ]
INFO: [ app_init ] --END-- [ RunTime:0.000629s ]
ERR: цЧац│ХхКаш╜╜цибхЭЧ:Img

[ 2018-05-11T18:07:57+08:00 ] 127.0.0.1 /Public/Index/img/shouye_11.png
INFO: [ app_init ] --START--
INFO: Run Behavior\BuildLiteBehavior [ RunTime:0.000014s ]
INFO: [ app_init ] --END-- [ RunTime:0.000545s ]
ERR: цЧац│ХхКаш╜╜цибхЭЧ:Public

[ 2018-05-11T18:07:57+08:00 ] 127.0.0.1 /img/shouye_11.png
INFO: [ app_init ] --START--
INFO: Run Behavior\BuildLiteBehavior [ RunTime:0.000015s ]
INFO: [ app_init ] --END-- [ RunTime:0.000564s ]
ERR: цЧац│ХхКаш╜╜цибхЭЧ:Img

[ 2018-05-11T18:07:57+08:00 ] 127.0.0.1 /img/ll.jpg
INFO: [ app_init ] --START--
INFO: Run Behavior\BuildLiteBehavior [ RunTime:0.000022s ]
INFO: [ app_init ] --END-- [ RunTime:0.001413s ]
ERR: цЧац│ХхКаш╜╜цибхЭЧ:Img

[ 2018-05-11T18:07:57+08:00 ] 127.0.0.1 /img/pl.jpg
INFO: [ app_init ] --START--
INFO: Run Behavior\BuildLiteBehavior [ RunTime:0.000017s ]
INFO: [ app_init ] --END-- [ RunTime:0.000637s ]
ERR: цЧац│ХхКаш╜╜цибхЭЧ:Img

[ 2018-05-11T18:07:57+08:00 ] 127.0.0.1 /img/touxiang.jpg
INFO: [ app_init ] --START--
INFO: Run Behavior\BuildLiteBehavior [ RunTime:0.000015s ]
INFO: [ app_init ] --END-- [ RunTime:0.000560s ]
ERR: цЧац│ХхКаш╜╜цибхЭЧ:Img

[ 2018-05-11T18:07:57+08:00 ] 127.0.0.1 /img/bj2.jpg
INFO: [ app_init ] --START--
INFO: Run Behavior\BuildLiteBehavior [ RunTime:0.000013s ]
INFO: [ app_init ] --END-- [ RunTime:0.000582s ]
ERR: цЧац│ХхКаш╜╜цибхЭЧ:Img

[ 2018-05-11T18:07:57+08:00 ] 127.0.0.1 /img/whd.jpg
INFO: [ app_init ] --START--
INFO: Run Behavior\BuildLiteBehavior [ RunTime:0.000043s ]
INFO: [ app_init ] --END-- [ RunTime:0.001003s ]
ERR: цЧац│ХхКаш╜╜цибхЭЧ:Img

[ 2018-05-11T18:07:59+08:00 ] 127.0.0.1 /img/shouye_11.png
INFO: [ app_init ] --START--
INFO: Run Behavior\BuildLiteBehavior [ RunTime:0.000201s ]
INFO: [ app_init ] --END-- [ RunTime:0.000962s ]
ERR: цЧац│ХхКаш╜╜цибхЭЧ:Img

[ 2018-05-11T18:07:59+08:00 ] 127.0.0.1 /Public/Index/img/shouye_11.png
INFO: [ app_init ] --START--
INFO: Run Behavior\BuildLiteBehavior [ RunTime:0.000052s ]
INFO: [ app_init ] --END-- [ RunTime:0.001328s ]
ERR: цЧац│ХхКаш╜╜цибхЭЧ:Public

[ 2018-05-11T18:07:59+08:00 ] 127.0.0.1 /img/bj2.jpg
INFO: [ app_init ] --START--
INFO: Run Behavior\BuildLiteBehavior [ RunTime:0.000015s ]
INFO: [ app_init ] --END-- [ RunTime:0.000457s ]
ERR: цЧац│ХхКаш╜╜цибхЭЧ:Img

[ 2018-05-11T18:07:59+08:00 ] 127.0.0.1 /img/whd.jpg
INFO: [ app_init ] --START--
INFO: Run Behavior\BuildLiteBehavior [ RunTime:0.000013s ]
INFO: [ app_init ] --END-- [ RunTime:0.000503s ]
ERR: цЧац│ХхКаш╜╜цибхЭЧ:Img

[ 2018-05-11T18:07:59+08:00 ] 127.0.0.1 /img/touxiang.jpg
INFO: [ app_init ] --START--
INFO: Run Behavior\BuildLiteBehavior [ RunTime:0.000017s ]
INFO: [ app_init ] --END-- [ RunTime:0.000802s ]
ERR: цЧац│ХхКаш╜╜цибхЭЧ:Img

[ 2018-05-11T18:07:59+08:00 ] 127.0.0.1 /img/pl.jpg
INFO: [ app_init ] --START--
INFO: Run Behavior\BuildLiteBehavior [ RunTime:0.000017s ]
INFO: [ app_init ] --END-- [ RunTime:0.002098s ]
ERR: цЧац│ХхКаш╜╜цибхЭЧ:Img

[ 2018-05-11T18:07:59+08:00 ] 127.0.0.1 /img/ll.jpg
INFO: [ app_init ] --START--
INFO: Run Behavior\BuildLiteBehavior [ RunTime:0.000018s ]
INFO: [ app_init ] --END-- [ RunTime:0.006153s ]
ERR: цЧац│ХхКаш╜╜цибхЭЧ:Img

[ 2018-05-11T18:08:00+08:00 ] 127.0.0.1 /img/shouye_11.png
INFO: [ app_init ] --START--
INFO: Run Behavior\BuildLiteBehavior [ RunTime:0.000015s ]
INFO: [ app_init ] --END-- [ RunTime:0.000488s ]
ERR: цЧац│ХхКаш╜╜цибхЭЧ:Img

[ 2018-05-11T18:08:00+08:00 ] 127.0.0.1 /img/ll.jpg
INFO: [ app_init ] --START--
INFO: Run Behavior\BuildLiteBehavior [ RunTime:0.000014s ]
INFO: [ app_init ] --END-- [ RunTime:0.000629s ]
ERR: цЧац│ХхКаш╜╜цибхЭЧ:Img

[ 2018-05-11T18:08:00+08:00 ] 127.0.0.1 /Public/Index/img/shouye_11.png
INFO: [ app_init ] --START--
INFO: Run Behavior\BuildLiteBehavior [ RunTime:0.000015s ]
INFO: [ app_init ] --END-- [ RunTime:0.000651s ]
ERR: цЧац│ХхКаш╜╜цибхЭЧ:Public

[ 2018-05-11T18:08:00+08:00 ] 127.0.0.1 /img/whd.jpg
INFO: [ app_init ] --START--
INFO: Run Behavior\BuildLiteBehavior [ RunTime:0.000013s ]
INFO: [ app_init ] --END-- [ RunTime:0.000456s ]
ERR: цЧац│ХхКаш╜╜цибхЭЧ:Img

[ 2018-05-11T18:08:00+08:00 ] 127.0.0.1 /img/pl.jpg
INFO: [ app_init ] --START--
INFO: Run Behavior\BuildLiteBehavior [ RunTime:0.000014s ]
INFO: [ app_init ] --END-- [ RunTime:0.001252s ]
ERR: цЧац│ХхКаш╜╜цибхЭЧ:Img

[ 2018-05-11T18:08:00+08:00 ] 127.0.0.1 /img/bj2.jpg
INFO: [ app_init ] --START--
INFO: Run Behavior\BuildLiteBehavior [ RunTime:0.000019s ]
INFO: [ app_init ] --END-- [ RunTime:0.000544s ]
ERR: цЧац│ХхКаш╜╜цибхЭЧ:Img

[ 2018-05-11T18:08:00+08:00 ] 127.0.0.1 /img/touxiang.jpg
INFO: [ app_init ] --START--
INFO: Run Behavior\BuildLiteBehavior [ RunTime:0.000014s ]
INFO: [ app_init ] --END-- [ RunTime:0.000474s ]
ERR: цЧац│ХхКаш╜╜цибхЭЧ:Img

[ 2018-05-11T18:08:33+08:00 ] 127.0.0.1 /Public/Index/img/shouye_11.png
INFO: [ app_init ] --START--
INFO: Run Behavior\BuildLiteBehavior [ RunTime:0.000014s ]
INFO: [ app_init ] --END-- [ RunTime:0.000565s ]
ERR: цЧац│ХхКаш╜╜цибхЭЧ:Public

[ 2018-05-11T18:08:33+08:00 ] 127.0.0.1 /img/ll.jpg
INFO: [ app_init ] --START--
INFO: Run Behavior\BuildLiteBehavior [ RunTime:0.000026s ]
INFO: [ app_init ] --END-- [ RunTime:0.001147s ]
ERR: цЧац│ХхКаш╜╜цибхЭЧ:Img

[ 2018-05-11T18:08:33+08:00 ] 127.0.0.1 /img/whd.jpg
INFO: [ app_init ] --START--
INFO: Run Behavior\BuildLiteBehavior [ RunTime:0.000014s ]
INFO: [ app_init ] --END-- [ RunTime:0.000462s ]
ERR: цЧац│ХхКаш╜╜цибхЭЧ:Img

[ 2018-05-11T18:08:33+08:00 ] 127.0.0.1 /img/pl.jpg
INFO: [ app_init ] --START--
INFO: Run Behavior\BuildLiteBehavior [ RunTime:0.000014s ]
INFO: [ app_init ] --END-- [ RunTime:0.000502s ]
ERR: цЧац│ХхКаш╜╜цибхЭЧ:Img

[ 2018-05-11T18:08:33+08:00 ] 127.0.0.1 /img/bj2.jpg
INFO: [ app_init ] --START--
INFO: Run Behavior\BuildLiteBehavior [ RunTime:0.000017s ]
INFO: [ app_init ] --END-- [ RunTime:0.000559s ]
ERR: цЧац│ХхКаш╜╜цибхЭЧ:Img

[ 2018-05-11T18:08:33+08:00 ] 127.0.0.1 /img/touxiang.jpg
INFO: [ app_init ] --START--
INFO: Run Behavior\BuildLiteBehavior [ RunTime:0.000018s ]
INFO: [ app_init ] --END-- [ RunTime:0.002140s ]
ERR: цЧац│ХхКаш╜╜цибхЭЧ:Img

[ 2018-05-11T18:08:42+08:00 ] 127.0.0.1 /Public/Index/img/shouye_11.png
INFO: [ app_init ] --START--
INFO: Run Behavior\BuildLiteBehavior [ RunTime:0.000014s ]
INFO: [ app_init ] --END-- [ RunTime:0.000521s ]
ERR: цЧац│ХхКаш╜╜цибхЭЧ:Public

[ 2018-05-11T18:08:42+08:00 ] 127.0.0.1 /img/shouye_11.png
INFO: [ app_init ] --START--
INFO: Run Behavior\BuildLiteBehavior [ RunTime:0.000015s ]
INFO: [ app_init ] --END-- [ RunTime:0.000531s ]
ERR: цЧац│ХхКаш╜╜цибхЭЧ:Img

[ 2018-05-11T18:08:42+08:00 ] 127.0.0.1 /img/pl.jpg
INFO: [ app_init ] --START--
INFO: Run Behavior\BuildLiteBehavior [ RunTime:0.000018s ]
INFO: [ app_init ] --END-- [ RunTime:0.000843s ]
ERR: цЧац│ХхКаш╜╜цибхЭЧ:Img

[ 2018-05-11T18:08:42+08:00 ] 127.0.0.1 /img/touxiang.jpg
INFO: [ app_init ] --START--
INFO: Run Behavior\BuildLiteBehavior [ RunTime:0.000015s ]
INFO: [ app_init ] --END-- [ RunTime:0.000476s ]
ERR: цЧац│ХхКаш╜╜цибхЭЧ:Img

[ 2018-05-11T18:08:42+08:00 ] 127.0.0.1 /img/ll.jpg
INFO: [ app_init ] --START--
INFO: Run Behavior\BuildLiteBehavior [ RunTime:0.000015s ]
INFO: [ app_init ] --END-- [ RunTime:0.000583s ]
ERR: цЧац│ХхКаш╜╜цибхЭЧ:Img

[ 2018-05-11T18:08:42+08:00 ] 127.0.0.1 /img/bj2.jpg
INFO: [ app_init ] --START--
INFO: Run Behavior\BuildLiteBehavior [ RunTime:0.000014s ]
INFO: [ app_init ] --END-- [ RunTime:0.000435s ]
ERR: цЧац│ХхКаш╜╜цибхЭЧ:Img

[ 2018-05-11T18:08:42+08:00 ] 127.0.0.1 /img/whd.jpg
INFO: [ app_init ] --START--
INFO: Run Behavior\BuildLiteBehavior [ RunTime:0.000119s ]
INFO: [ app_init ] --END-- [ RunTime:0.004486s ]
ERR: цЧац│ХхКаш╜╜цибхЭЧ:Img

[ 2018-05-11T18:10:08+08:00 ] 127.0.0.1 /img/ll.jpg
INFO: [ app_init ] --START--
INFO: Run Behavior\BuildLiteBehavior [ RunTime:0.000014s ]
INFO: [ app_init ] --END-- [ RunTime:0.000456s ]
ERR: цЧац│ХхКаш╜╜цибхЭЧ:Img

[ 2018-05-11T18:10:08+08:00 ] 127.0.0.1 /Public/Index/img/shouye_11.png
INFO: [ app_init ] --START--
INFO: Run Behavior\BuildLiteBehavior [ RunTime:0.000014s ]
INFO: [ app_init ] --END-- [ RunTime:0.000623s ]
ERR: цЧац│ХхКаш╜╜цибхЭЧ:Public

[ 2018-05-11T18:10:08+08:00 ] 127.0.0.1 /img/whd.jpg
INFO: [ app_init ] --START--
INFO: Run Behavior\BuildLiteBehavior [ RunTime:0.000014s ]
INFO: [ app_init ] --END-- [ RunTime:0.000578s ]
ERR: цЧац│ХхКаш╜╜цибхЭЧ:Img

[ 2018-05-11T18:10:08+08:00 ] 127.0.0.1 /img/pl.jpg
INFO: [ app_init ] --START--
INFO: Run Behavior\BuildLiteBehavior [ RunTime:0.000013s ]
INFO: [ app_init ] --END-- [ RunTime:0.000508s ]
ERR: цЧац│ХхКаш╜╜цибхЭЧ:Img

[ 2018-05-11T18:10:08+08:00 ] 127.0.0.1 /img/bj2.jpg
INFO: [ app_init ] --START--
INFO: Run Behavior\BuildLiteBehavior [ RunTime:0.000032s ]
INFO: [ app_init ] --END-- [ RunTime:0.001236s ]
ERR: цЧац│ХхКаш╜╜цибхЭЧ:Img

[ 2018-05-11T18:10:08+08:00 ] 127.0.0.1 /img/touxiang.jpg
INFO: [ app_init ] --START--
INFO: Run Behavior\BuildLiteBehavior [ RunTime:0.000013s ]
INFO: [ app_init ] --END-- [ RunTime:0.000818s ]
ERR: цЧац│ХхКаш╜╜цибхЭЧ:Img

[ 2018-05-11T18:10:18+08:00 ] 127.0.0.1 /Public/Index/img/shouye_11.png
INFO: [ app_init ] --START--
INFO: Run Behavior\BuildLiteBehavior [ RunTime:0.000033s ]
INFO: [ app_init ] --END-- [ RunTime:0.001206s ]
ERR: цЧац│ХхКаш╜╜цибхЭЧ:Public

[ 2018-05-11T18:10:38+08:00 ] 127.0.0.1 /img/shouye_11.png
INFO: [ app_init ] --START--
INFO: Run Behavior\BuildLiteBehavior [ RunTime:0.000027s ]
INFO: [ app_init ] --END-- [ RunTime:0.000672s ]
ERR: цЧац│ХхКаш╜╜цибхЭЧ:Img

ибхЭЧ:Public

[ 2018-05-11T18:10:38+08:00 ] 127.0.0.1 /img/ll.jpg
INFO: [ app_init ] --START--
INFO: Run Behavior\BuildLiteBehavior [ RunTime:0.000017s ]
INFO: [ app_init ] --END-- [ RunTime:0.000512s ]
ERR: цЧац│ХхКаш╜╜цибхЭЧ:Img

[ 2018-05-11T18:10:38+08:00 ] 127.0.0.1 /img/whd.jpg
INFO: [ app_init ] --START--
INFO: Run Behavior\BuildLiteBehavior [ RunTime:0.000014s ]
INFO: [ app_init ] --END-- [ RunTime:0.000510s ]
ERR: цЧац│ХхКаш╜╜цибхЭЧ:Img

[ 2018-05-11T18:10:38+08:00 ] 127.0.0.1 /img/pl.jpg
INFO: [ app_init ] --START--
INFO: Run Behavior\BuildLiteBehavior [ RunTime:0.000026s ]
INFO: [ app_init ] --END-- [ RunTime:0.000621s ]
ERR: цЧац│ХхКаш╜╜цибхЭЧ:Img

[ 2018-05-11T18:10:38+08:00 ] 127.0.0.1 /img/bj2.jpg
INFO: [ app_init ] --START--
INFO: Run Behavior\BuildLiteBehavior [ RunTime:0.000016s ]
INFO: [ app_init ] --END-- [ RunTime:0.000563s ]
ERR: цЧац│ХхКаш╜╜цибхЭЧ:Img

[ 2018-05-11T18:10:38+08:00 ] 127.0.0.1 /img/touxiang.jpg
INFO: [ app_init ] --START--
INFO: Run Behavior\BuildLiteBehavior [ RunTime:0.000017s ]
INFO: [ app_init ] --END-- [ RunTime:0.000629s ]
ERR: цЧац│ХхКаш╜╜цибхЭЧ:Img

[ 2018-05-11T18:13:57+08:00 ] 127.0.0.1 /img/shouye_11.png
INFO: [ app_init ] --START--
INFO: Run Behavior\BuildLiteBehavior [ RunTime:0.000013s ]
INFO: [ app_init ] --END-- [ RunTime:0.000482s ]
ERR: цЧац│ХхКаш╜╜цибхЭЧ:Img

[ 2018-05-11T18:13:57+08:00 ] 127.0.0.1 /Public/Index/img/shouye_11.png
INFO: [ app_init ] --START--
INFO: Run Behavior\BuildLiteBehavior [ RunTime:0.000012s ]
INFO: [ app_init ] --END-- [ RunTime:0.000475s ]
ERR: цЧац│ХхКаш╜╜цибхЭЧ:Public

[ 2018-05-11T18:13:57+08:00 ] 127.0.0.1 /Public/img/ll.jpg
INFO: [ app_init ] --START--
INFO: Run Behavior\BuildLiteBehavior [ RunTime:0.000013s ]
INFO: [ app_init ] --END-- [ RunTime:0.000571s ]
ERR: цЧац│ХхКаш╜╜цибхЭЧ:Public

[ 2018-05-11T18:13:57+08:00 ] 127.0.0.1 /Public/img/pl.jpg
INFO: [ app_init ] --START--
INFO: Run Behavior\BuildLiteBehavior [ RunTime:0.000013s ]
INFO: [ app_init ] --END-- [ RunTime:0.000642s ]
ERR: цЧац│ХхКаш╜╜цибхЭЧ:Public

[ 2018-05-11T18:13:57+08:00 ] 127.0.0.1 /img/bj2.jpg
INFO: [ app_init ] --START--
INFO: Run Behavior\BuildLiteBehavior [ RunTime:0.000013s ]
INFO: [ app_init ] --END-- [ RunTime:0.000442s ]
ERR: цЧац│ХхКаш╜╜цибхЭЧ:Img

[ 2018-05-11T18:13:57+08:00 ] 127.0.0.1 /img/whd.jpg
INFO: [ app_init ] --START--
INFO: Run Behavior\BuildLiteBehavior [ RunTime:0.000015s ]
INFO: [ app_init ] --END-- [ RunTime:0.000555s ]
ERR: цЧац│ХхКаш╜╜цибхЭЧ:Img

[ 2018-05-11T18:13:57+08:00 ] 127.0.0.1 /img/ll.jpg
INFO: [ app_init ] --START--
INFO: Run Behavior\BuildLiteBehavior [ RunTime:0.000018s ]
INFO: [ app_init ] --END-- [ RunTime:0.002434s ]
ERR: цЧац│ХхКаш╜╜цибхЭЧ:Img

[ 2018-05-11T18:13:57+08:00 ] 127.0.0.1 /Public/Index/img/shouye_11.png
INFO: [ app_init ] --START--
INFO: Run Behavior\BuildLiteBehavior [ RunTime:0.000024s ]
INFO: [ app_init ] --END-- [ RunTime:0.000610s ]
ERR: цЧац│ХхКаш╜╜цибхЭЧ:Public

[ 2018-05-11T18:13:57+08:00 ] 127.0.0.1 /img/touxiang.jpg
INFO: [ app_init ] --START--
INFO: Run Behavior\BuildLiteBehavior [ RunTime:0.000016s ]
INFO: [ app_init ] --END-- [ RunTime:0.000685s ]
ERR: цЧац│ХхКаш╜╜цибхЭЧ:Img

[ 2018-05-11T18:13:57+08:00 ] 127.0.0.1 /img/shouye_11.png
INFO: [ app_init ] --START--
INFO: Run Behavior\BuildLiteBehavior [ RunTime:0.000019s ]
INFO: [ app_init ] --END-- [ RunTime:0.000731s ]
ERR: цЧац│ХхКаш╜╜цибхЭЧ:Img

[ 2018-05-11T18:13:57+08:00 ] 127.0.0.1 /Public/img/pl.jpg
INFO: [ app_init ] --START--
INFO: Run Behavior\BuildLiteBehavior [ RunTime:0.000016s ]
INFO: [ app_init ] --END-- [ RunTime:0.000889s ]
ERR: цЧац│ХхКаш╜╜цибхЭЧ:Public

[ 2018-05-11T18:13:57+08:00 ] 127.0.0.1 /Public/img/ll.jpg
INFO: [ app_init ] --START--
INFO: Run Behavior\BuildLiteBehavior [ RunTime:0.000042s ]
INFO: [ app_init ] --END-- [ RunTime:0.000696s ]
ERR: цЧац│ХхКаш╜╜цибхЭЧ:Public

[ 2018-05-11T18:13:59+08:00 ] 127.0.0.1 /Public/Index/img/shouye_11.png
INFO: [ app_init ] --START--
INFO: Run Behavior\BuildLiteBehavior [ RunTime:0.000013s ]
INFO: [ app_init ] --END-- [ RunTime:0.000490s ]
ERR: цЧац│ХхКаш╜╜цибхЭЧ:Public

[ 2018-05-11T18:13:59+08:00 ] 127.0.0.1 /img/shouye_11.png
INFO: [ app_init ] --START--
INFO: Run Behavior\BuildLiteBehavior [ RunTime:0.000015s ]
INFO: [ app_init ] --END-- [ RunTime:0.000479s ]
ERR: цЧац│ХхКаш╜╜цибхЭЧ:Img

[ 2018-05-11T18:13:59+08:00 ] 127.0.0.1 /Public/img/pl.jpg
INFO: [ app_init ] --START--
INFO: Run Behavior\BuildLiteBehavior [ RunTime:0.000017s ]
INFO: [ app_init ] --END-- [ RunTime:0.000581s ]
ERR: цЧац│ХхКаш╜╜цибхЭЧ:Public

[ 2018-05-11T18:13:59+08:00 ] 127.0.0.1 /Public/img/ll.jpg
INFO: [ app_init ] --START--
INFO: Run Behavior\BuildLiteBehavior [ RunTime:0.000014s ]
INFO: [ app_init ] --END-- [ RunTime:0.000548s ]
ERR: цЧац│ХхКаш╜╜цибхЭЧ:Public

[ 2018-05-11T18:13:59+08:00 ] 127.0.0.1 /img/whd.jpg
INFO: [ app_init ] --START--
INFO: Run Behavior\BuildLiteBehavior [ RunTime:0.000104s ]
INFO: [ app_init ] --END-- [ RunTime:0.000629s ]
ERR: цЧац│ХхКаш╜╜цибхЭЧ:Img

[ 2018-05-11T18:13:59+08:00 ] 127.0.0.1 /img/bj2.jpg
INFO: [ app_init ] --START--
INFO: Run Behavior\BuildLiteBehavior [ RunTime:0.000015s ]
INFO: [ app_init ] --END-- [ RunTime:0.000533s ]
ERR: цЧац│ХхКаш╜╜цибхЭЧ:Img

[ 2018-05-11T18:13:59+08:00 ] 127.0.0.1 /img/touxiang.jpg
INFO: [ app_init ] --START--
INFO: Run Behavior\BuildLiteBehavior [ RunTime:0.000015s ]
INFO: [ app_init ] --END-- [ RunTime:0.000593s ]
ERR: цЧац│ХхКаш╜╜цибхЭЧ:Img

[ 2018-05-11T18:20:36+08:00 ] 127.0.0.1 /Public/Index/img/shouye_11.png
INFO: [ app_init ] --START--
INFO: Run Behavior\BuildLiteBehavior [ RunTime:0.000016s ]
INFO: [ app_init ] --END-- [ RunTime:0.000659s ]
ERR: цЧац│ХхКаш╜╜цибхЭЧ:Public

[ 2018-05-11T18:20:36+08:00 ] 127.0.0.1 /img/shouye_11.png
INFO: [ app_init ] --START--
INFO: Run Behavior\BuildLiteBehavior [ RunTime:0.000014s ]
INFO: [ app_init ] --END-- [ RunTime:0.000528s ]
ERR: цЧац│ХхКаш╜╜цибхЭЧ:Img

[ 2018-05-11T18:20:36+08:00 ] 127.0.0.1 /img/ll.jpg
INFO: [ app_init ] --START--
INFO: Run Behavior\BuildLiteBehavior [ RunTime:0.000013s ]
INFO: [ app_init ] --END-- [ RunTime:0.000477s ]
ERR: цЧац│ХхКаш╜╜цибхЭЧ:Img

[ 2018-05-11T18:20:36+08:00 ] 127.0.0.1 /Public/img/pl.jpg
INFO: [ app_init ] --START--
INFO: Run Behavior\BuildLiteBehavior [ RunTime:0.000013s ]
INFO: [ app_init ] --END-- [ RunTime:0.000538s ]
ERR: цЧац│ХхКаш╜╜цибхЭЧ:Public

[ 2018-05-11T18:20:36+08:00 ] 127.0.0.1 /Public/img/ll.jpg
INFO: [ app_init ] --START--
INFO: Run Behavior\BuildLiteBehavior [ RunTime:0.000016s ]
INFO: [ app_init ] --END-- [ RunTime:0.000624s ]
ERR: цЧац│ХхКаш╜╜цибхЭЧ:Public

[ 2018-05-11T18:20:36+08:00 ] 127.0.0.1 /img/touxiang.jpg
INFO: [ app_init ] --START--
INFO: Run Behavior\BuildLiteBehavior [ RunTime:0.000016s ]
INFO: [ app_init ] --END-- [ RunTime:0.000511s ]
ERR: цЧац│ХхКаш╜╜цибхЭЧ:Img

[ 2018-05-11T18:20:38+08:00 ] 127.0.0.1 /img/shouye_11.png
INFO: [ app_init ] --START--
INFO: Run Behavior\BuildLiteBehavior [ RunTime:0.000015s ]
INFO: [ app_init ] --END-- [ RunTime:0.000538s ]
ERR: цЧац│ХхКаш╜╜цибхЭЧ:Img

[ 2018-05-11T18:20:38+08:00 ] 127.0.0.1 /Public/Index/img/shouye_11.png
INFO: [ app_init ] --START--
INFO: Run Behavior\BuildLiteBehavior [ RunTime:0.000014s ]
INFO: [ app_init ] --END-- [ RunTime:0.000538s ]
ERR: цЧац│ХхКаш╜╜цибхЭЧ:Public

[ 2018-05-11T18:20:38+08:00 ] 127.0.0.1 /img/ll.jpg
INFO: [ app_init ] --START--
INFO: Run Behavior\BuildLiteBehavior [ RunTime:0.000016s ]
INFO: [ app_init ] --END-- [ RunTime:0.000643s ]
ERR: цЧац│ХхКаш╜╜цибхЭЧ:Img

[ 2018-05-11T18:20:38+08:00 ] 127.0.0.1 /Public/img/pl.jpg
INFO: [ app_init ] --START--
INFO: Run Behavior\BuildLiteBehavior [ RunTime:0.000014s ]
INFO: [ app_init ] --END-- [ RunTime:0.000447s ]
ERR: цЧац│ХхКаш╜╜цибхЭЧ:Public

[ 2018-05-11T18:20:38+08:00 ] 127.0.0.1 /img/touxiang.jpg
INFO: [ app_init ] --START--
INFO: Run Behavior\BuildLiteBehavior [ RunTime:0.000017s ]
INFO: [ app_init ] --END-- [ RunTime:0.000506s ]
ERR: цЧац│ХхКаш╜╜цибхЭЧ:Img

[ 2018-05-11T18:20:38+08:00 ] 127.0.0.1 /Public/img/ll.jpg
INFO: [ app_init ] --START--
INFO: Run Behavior\BuildLiteBehavior [ RunTime:0.000026s ]
INFO: [ app_init ] --END-- [ RunTime:0.000603s ]
ERR: цЧац│ХхКаш╜╜цибхЭЧ:Public

[ 2018-05-11T18:23:25+08:00 ] 127.0.0.1 /Public/Index/img/shouye_11.png
INFO: [ app_init ] --START--
INFO: Run Behavior\BuildLiteBehavior [ RunTime:0.000015s ]
INFO: [ app_init ] --END-- [ RunTime:0.000555s ]
ERR: цЧац│ХхКаш╜╜цибхЭЧ:Public

[ 2018-05-11T18:23:25+08:00 ] 127.0.0.1 /Public/img/pl.jpg
INFO: [ app_init ] --START--
INFO: Run Behavior\BuildLiteBehavior [ RunTime:0.000016s ]
INFO: [ app_init ] --END-- [ RunTime:0.001038s ]
ERR: цЧац│ХхКаш╜╜цибхЭЧ:Public

[ 2018-05-11T18:23:25+08:00 ] 127.0.0.1 /Public/img/ll.jpg
INFO: [ app_init ] --START--
INFO: Run Behavior\BuildLiteBehavior [ RunTime:0.000021s ]
INFO: [ app_init ] --END-- [ RunTime:0.000694s ]
ERR: цЧац│ХхКаш╜╜цибхЭЧ:Public

[ 2018-05-11T18:23:27+08:00 ] 127.0.0.1 /Public/img/pl.jpg
INFO: [ app_init ] --START--
INFO: Run Behavior\BuildLiteBehavior [ RunTime:0.000017s ]
INFO: [ app_init ] --END-- [ RunTime:0.000530s ]
ERR: цЧац│ХхКаш╜╜цибхЭЧ:Public

[ 2018-05-11T18:23:27+08:00 ] 127.0.0.1 /Public/Index/img/shouye_11.png
INFO: [ app_init ] --START--
INFO: Run Behavior\BuildLiteBehavior [ RunTime:0.000017s ]
INFO: [ app_init ] --END-- [ RunTime:0.000592s ]
ERR: цЧац│ХхКаш╜╜цибхЭЧ:Public

[ 2018-05-11T18:23:27+08:00 ] 127.0.0.1 /Public/img/ll.jpg
INFO: [ app_init ] --START--
INFO: Run Behavior\BuildLiteBehavior [ RunTime:0.000014s ]
INFO: [ app_init ] --END-- [ RunTime:0.000587s ]
ERR: цЧац│ХхКаш╜╜цибхЭЧ:Public

[ 2018-05-11T18:24:45+08:00 ] 127.0.0.1 /Public/img/ll.jpg
INFO: [ app_init ] --START--
INFO: Run Behavior\BuildLiteBehavior [ RunTime:0.000014s ]
INFO: [ app_init ] --END-- [ RunTime:0.000449s ]
ERR: цЧац│ХхКаш╜╜цибхЭЧ:Public

[ 2018-05-11T18:24:45+08:00 ] 127.0.0.1 /Public/Index/img/shouye_11.png
INFO: [ app_init ] --START--
INFO: Run Behavior\BuildLiteBehavior [ RunTime:0.000019s ]
INFO: [ app_init ] --END-- [ RunTime:0.000593s ]
ERR: цЧац│ХхКаш╜╜цибхЭЧ:Public

[ 2018-05-11T18:24:45+08:00 ] 127.0.0.1 /Public/img/pl.jpg
INFO: [ app_init ] --START--
INFO: Run Behavior\BuildLiteBehavior [ RunTime:0.000022s ]
INFO: [ app_init ] --END-- [ RunTime:0.000690s ]
ERR: цЧац│ХхКаш╜╜цибхЭЧ:Public

[ 2018-05-11T18:24:46+08:00 ] 127.0.0.1 /Public/img/pl.jpg
INFO: [ app_init ] --START--
INFO: Run Behavior\BuildLiteBehavior [ RunTime:0.000014s ]
INFO: [ app_init ] --END-- [ RunTime:0.000461s ]
ERR: цЧац│ХхКаш╜╜цибхЭЧ:Public

[ 2018-05-11T18:24:46+08:00 ] 127.0.0.1 /Public/Index/img/shouye_11.png
INFO: [ app_init ] --START--
INFO: Run Behavior\BuildLiteBehavior [ RunTime:0.000014s ]
INFO: [ app_init ] --END-- [ RunTime:0.000842s ]
ERR: цЧац│ХхКаш╜╜цибхЭЧ:Public

[ 2018-05-11T18:24:46+08:00 ] 127.0.0.1 /Public/img/ll.jpg
INFO: [ app_init ] --START--
INFO: Run Behavior\BuildLiteBehavior [ RunTime:0.000017s ]
INFO: [ app_init ] --END-- [ RunTime:0.001152s ]
ERR: цЧац│ХхКаш╜╜цибхЭЧ:Public

[ 2018-05-11T18:26:13+08:00 ] 127.0.0.1 /Public/img/ll.jpg
INFO: [ app_init ] --START--
INFO: Run Behavior\BuildLiteBehavior [ RunTime:0.000027s ]
INFO: [ app_init ] --END-- [ RunTime:0.000575s ]
ERR: цЧац│ХхКаш╜╜цибхЭЧ:Public

ЭЧ:Public

[ 2018-05-11T18:26:15+08:00 ] 127.0.0.1 /Public/Index/img/shouye_11.png
INFO: [ app_init ] --START--
INFO: Run Behavior\BuildLiteBehavior [ RunTime:0.000012s ]
INFO: [ app_init ] --END-- [ RunTime:0.000502s ]
ERR: цЧац│ХхКаш╜╜цибхЭЧ:Public

[ 2018-05-11T18:26:15+08:00 ] 127.0.0.1 /Public/img/ll.jpg
INFO: [ app_init ] --START--
INFO: Run Behavior\BuildLiteBehavior [ RunTime:0.000014s ]
INFO: [ app_init ] --END-- [ RunTime:0.000496s ]
ERR: цЧац│ХхКаш╜╜цибхЭЧ:Public

[ 2018-05-11T18:26:15+08:00 ] 127.0.0.1 /Public/img/pl.jpg
INFO: [ app_init ] --START--
INFO: Run Behavior\BuildLiteBehavior [ RunTime:0.000018s ]
INFO: [ app_init ] --END-- [ RunTime:0.000656s ]
ERR: цЧац│ХхКаш╜╜цибхЭЧ:Public

[ 2018-05-11T18:26:49+08:00 ] 127.0.0.1 /Public/Index/img/shouye_11.png
INFO: [ app_init ] --START--
INFO: Run Behavior\BuildLiteBehavior [ RunTime:0.000025s ]
INFO: [ app_init ] --END-- [ RunTime:0.000624s ]
ERR: цЧац│ХхКаш╜╜цибхЭЧ:Public

[ 2018-05-11T18:26:49+08:00 ] 127.0.0.1 /Public/img/pl.jpg
INFO: [ app_init ] --START--
INFO: Run Behavior\BuildLiteBehavior [ RunTime:0.000018s ]
INFO: [ app_init ] --END-- [ RunTime:0.000689s ]
ERR: цЧац│ХхКаш╜╜цибхЭЧ:Public

[ 2018-05-11T18:27:04+08:00 ] 127.0.0.1 /Public/Index/img/shouye_11.png
INFO: [ app_init ] --START--
INFO: Run Behavior\BuildLiteBehavior [ RunTime:0.000017s ]
INFO: [ app_init ] --END-- [ RunTime:0.000826s ]
ERR: цЧац│ХхКаш╜╜цибхЭЧ:Public

